<!DOCTYPE html PUBLIC "-//W3C//DTD XHTML 1.1//EN" "http://www.w3.org/TR/xhtml11/DTD/xhtml11.dtd">
<html xmlns="http://www.w3.org/1999/xhtml">
<head>
<meta http-equiv="content-type" content="text/html; charset=UTF-8"/>
<title>TestNG Report</title>
<style type="text/css">table {margin-bottom:10px;border-collapse:collapse;empty-cells:show}th,td {border:1px solid #009;padding:.25em .5em}th {vertical-align:bottom}td {vertical-align:top}table a {font-weight:bold}.stripe td {background-color: #E6EBF9}.num {text-align:right}.passedodd td {background-color: #3F3}.passedeven td {background-color: #0A0}.skippedodd td {background-color: #DDD}.skippedeven td {background-color: #CCC}.failedodd td,.attn {background-color: #F33}.failedeven td,.stripe .attn {background-color: #D00}.stacktrace {white-space:pre;font-family:monospace}.totop {font-size:85%;text-align:center;border-bottom:2px solid #000}.invisible {display:none}</style>
</head>
<body>
<table>
<tr><th>Test</th><th># Passed</th><th># Skipped</th><th># Failed</th><th>Time (ms)</th><th>Included Groups</th><th>Excluded Groups</th></tr>
<tr><th colspan="7">MyELT Automation Suite</th></tr>
<tr><td><a href="#t0">Test1</a></td><td class="num">7</td><td class="num">0</td><td class="num attn">2</td><td class="num">210,542</td><td></td><td></td></tr>
</table>
<table id='summary'><thead><tr><th>Class</th><th>Method</th><th>Start</th><th>Time (ms)</th></tr></thead><tbody><tr><th colspan="4">MyELT Automation Suite</th></tr></tbody><tbody id="t0"><tr><th colspan="4">Test1 &#8212; failed</th></tr><tr class="failedeven"><td rowspan="2">com.demo.qa.testcases.CStudentPageTest</td><td><a href="#m0">Account_Creation_Dialog</a></td><td rowspan="1">1573284371919</td><td rowspan="1">30061</td></tr><tr class="failedeven"><td><a href="#m1">Check_Is_Account_Created</a></td><td rowspan="1">1573284291728</td><td rowspan="1">30105</td></tr><tr><th colspan="4">Test1 &#8212; passed</th></tr><tr class="passedeven"><td rowspan="3">com.demo.qa.testcases.ALoginPageTest</td><td><a href="#m2">IsPageLogoDisplayed</a></td><td rowspan="1">1573284204297</td><td rowspan="1">184</td></tr><tr class="passedeven"><td><a href="#m3">Login</a></td><td rowspan="1">1573284331125</td><td rowspan="1">3488</td></tr><tr class="passedeven"><td><a href="#m4">Validate_Page_Title</a></td><td rowspan="1">1573284256184</td><td rowspan="1">23</td></tr><tr class="passedodd"><td rowspan="3">com.demo.qa.testcases.BHomePageTest</td><td><a href="#m5">Is_Student_Tab_Displayed</a></td><td rowspan="1">1573284271128</td><td rowspan="1">79</td></tr><tr class="passedodd"><td><a href="#m6">Open_Students_Tab</a></td><td rowspan="1">1573284350440</td><td rowspan="1">2576</td></tr><tr class="passedodd"><td><a href="#m7">Validate_Page_Title</a></td><td rowspan="1">1573284219816</td><td rowspan="1">26</td></tr><tr class="passedeven"><td rowspan="1">com.demo.qa.testcases.CStudentPageTest</td><td><a href="#m8">CreateAccount</a></td><td rowspan="1">1573284240387</td><td rowspan="1">5364</td></tr></tbody>
</table>
<h2>Test1</h2><h3 id="m0">com.demo.qa.testcases.CStudentPageTest#Account_Creation_Dialog</h3><table class="result"><tr><th>Exception</th></tr><tr><td><div class="stacktrace">org.openqa.selenium.NoSuchElementException: no such element: Unable to locate element: {&quot;method&quot;:&quot;xpath&quot;,&quot;selector&quot;:&quot;//i[@title=&apos;Close&apos;]&quot;}
  (Session info: chrome=78.0.3904.97)
For documentation on this error, please visit: https://www.seleniumhq.org/exceptions/no_such_element.html
Build info: version: &apos;3.141.59&apos;, revision: &apos;e82be7d358&apos;, time: &apos;2018-11-14T08:17:03&apos;
System info: host: &apos;DESKTOP-TEMHAD3&apos;, ip: &apos;192.168.43.56&apos;, os.name: &apos;Windows 10&apos;, os.arch: &apos;amd64&apos;, os.version: &apos;10.0&apos;, java.version: &apos;1.8.0_202&apos;
Driver info: org.openqa.selenium.chrome.ChromeDriver
Capabilities {acceptInsecureCerts: false, browserName: chrome, browserVersion: 78.0.3904.97, chrome: {chromedriverVersion: 78.0.3904.70 (edb9c9f3de024..., userDataDir: C:\Users\ANMOLA~1\AppData\L...}, goog:chromeOptions: {debuggerAddress: localhost:55551}, javascriptEnabled: true, networkConnectionEnabled: false, pageLoadStrategy: normal, platform: XP, platformName: XP, proxy: Proxy(), setWindowRect: true, strictFileInteractability: false, timeouts: {implicit: 0, pageLoad: 300000, script: 30000}, unhandledPromptBehavior: dismiss and notify}
Session ID: 0e352845a57d5ee390d2a81b746f64da
*** Element info: {Using=xpath, value=//i[@title=&apos;Close&apos;]}
	at org.openqa.selenium.remote.http.W3CHttpResponseCodec.createException(W3CHttpResponseCodec.java:187)
	at org.openqa.selenium.remote.http.W3CHttpResponseCodec.decode(W3CHttpResponseCodec.java:122)
	at org.openqa.selenium.remote.http.W3CHttpResponseCodec.decode(W3CHttpResponseCodec.java:49)
	at org.openqa.selenium.remote.HttpCommandExecutor.execute(HttpCommandExecutor.java:158)
	at org.openqa.selenium.remote.service.DriverCommandExecutor.execute(DriverCommandExecutor.java:83)
	at org.openqa.selenium.remote.RemoteWebDriver.execute(RemoteWebDriver.java:552)
	at org.openqa.selenium.remote.RemoteWebDriver.findElement(RemoteWebDriver.java:323)
	at org.openqa.selenium.remote.RemoteWebDriver.findElementByXPath(RemoteWebDriver.java:428)
	at org.openqa.selenium.By$ByXPath.findElement(By.java:353)
	at org.openqa.selenium.remote.RemoteWebDriver.findElement(RemoteWebDriver.java:315)
	at org.openqa.selenium.support.pagefactory.DefaultElementLocator.findElement(DefaultElementLocator.java:69)
	at org.openqa.selenium.support.pagefactory.internal.LocatingElementHandler.invoke(LocatingElementHandler.java:38)
	at com.sun.proxy.$Proxy10.isDisplayed(Unknown Source)
	at com.demo.qa.Utility.TestUtil.Is_Element_Displayed(TestUtil.java:52)
	at com.demo.qa.pages.StudentsPage.Is_Close_Icon_Displayed(StudentsPage.java:139)
	at com.demo.qa.testcases.CStudentPageTest.Account_Creation_Dialog(CStudentPageTest.java:63)
... Removed 29 stack frames</div></td></tr></table><p class="totop"><a href="#summary">back to summary</a></p>
<h3 id="m1">com.demo.qa.testcases.CStudentPageTest#Check_Is_Account_Created</h3><table class="result"><tr class="param"><th>Parameter #1</th><th>Parameter #2</th><th>Parameter #3</th><th>Parameter #4</th><th>Parameter #5</th><th>Parameter #6</th><th>Parameter #7</th><th>Parameter #8</th></tr><tr class="param stripe"><td>4.29_r1_Anmol_S1</td><td>Test</td><td>User</td><td>Data</td><td>password</td><td>password</td><td>anmolaggarwal@qainfotech.com</td><td>anmolaggarwal@qainfotech.com</td></tr><tr><th colspan="8">Exception</th></tr><tr><td colspan="8"><div class="stacktrace">org.openqa.selenium.NoSuchElementException: no such element: Unable to locate element: {&quot;method&quot;:&quot;xpath&quot;,&quot;selector&quot;:&quot;//div[contains(@class,&apos;errorMessage&apos;)]//strong&quot;}
  (Session info: chrome=78.0.3904.97)
For documentation on this error, please visit: https://www.seleniumhq.org/exceptions/no_such_element.html
Build info: version: &apos;3.141.59&apos;, revision: &apos;e82be7d358&apos;, time: &apos;2018-11-14T08:17:03&apos;
System info: host: &apos;DESKTOP-TEMHAD3&apos;, ip: &apos;192.168.43.56&apos;, os.name: &apos;Windows 10&apos;, os.arch: &apos;amd64&apos;, os.version: &apos;10.0&apos;, java.version: &apos;1.8.0_202&apos;
Driver info: org.openqa.selenium.chrome.ChromeDriver
Capabilities {acceptInsecureCerts: false, browserName: chrome, browserVersion: 78.0.3904.97, chrome: {chromedriverVersion: 78.0.3904.70 (edb9c9f3de024..., userDataDir: C:\Users\ANMOLA~1\AppData\L...}, goog:chromeOptions: {debuggerAddress: localhost:55439}, javascriptEnabled: true, networkConnectionEnabled: false, pageLoadStrategy: normal, platform: XP, platformName: XP, proxy: Proxy(), setWindowRect: true, strictFileInteractability: false, timeouts: {implicit: 0, pageLoad: 300000, script: 30000}, unhandledPromptBehavior: dismiss and notify}
Session ID: 86fd877bd917df31b8f3eb9071a57849
*** Element info: {Using=xpath, value=//div[contains(@class,&apos;errorMessage&apos;)]//strong}
	at org.openqa.selenium.remote.http.W3CHttpResponseCodec.createException(W3CHttpResponseCodec.java:187)
	at org.openqa.selenium.remote.http.W3CHttpResponseCodec.decode(W3CHttpResponseCodec.java:122)
	at org.openqa.selenium.remote.http.W3CHttpResponseCodec.decode(W3CHttpResponseCodec.java:49)
	at org.openqa.selenium.remote.HttpCommandExecutor.execute(HttpCommandExecutor.java:158)
	at org.openqa.selenium.remote.service.DriverCommandExecutor.execute(DriverCommandExecutor.java:83)
	at org.openqa.selenium.remote.RemoteWebDriver.execute(RemoteWebDriver.java:552)
	at org.openqa.selenium.remote.RemoteWebDriver.findElement(RemoteWebDriver.java:323)
	at org.openqa.selenium.remote.RemoteWebDriver.findElementByXPath(RemoteWebDriver.java:428)
	at org.openqa.selenium.By$ByXPath.findElement(By.java:353)
	at org.openqa.selenium.remote.RemoteWebDriver.findElement(RemoteWebDriver.java:315)
	at org.openqa.selenium.support.pagefactory.DefaultElementLocator.findElement(DefaultElementLocator.java:69)
	at org.openqa.selenium.support.pagefactory.internal.LocatingElementHandler.invoke(LocatingElementHandler.java:38)
	at com.sun.proxy.$Proxy10.getText(Unknown Source)
	at com.demo.qa.pages.StudentsPage.GetAccountUserName(StudentsPage.java:134)
	at com.demo.qa.testcases.CStudentPageTest.Check_Is_Account_Created(CStudentPageTest.java:55)
... Removed 29 stack frames</div></td></tr></table><p class="totop"><a href="#summary">back to summary</a></p>
<h3 id="m2">com.demo.qa.testcases.ALoginPageTest#IsPageLogoDisplayed</h3><table class="result"><tr><th class="invisible"/></tr></table><p class="totop"><a href="#summary">back to summary</a></p>
<h3 id="m3">com.demo.qa.testcases.ALoginPageTest#Login</h3><table class="result"><tr><th class="invisible"/></tr></table><p class="totop"><a href="#summary">back to summary</a></p>
<h3 id="m4">com.demo.qa.testcases.ALoginPageTest#Validate_Page_Title</h3><table class="result"><tr><th class="invisible"/></tr></table><p class="totop"><a href="#summary">back to summary</a></p>
<h3 id="m5">com.demo.qa.testcases.BHomePageTest#Is_Student_Tab_Displayed</h3><table class="result"><tr><th class="invisible"/></tr></table><p class="totop"><a href="#summary">back to summary</a></p>
<h3 id="m6">com.demo.qa.testcases.BHomePageTest#Open_Students_Tab</h3><table class="result"><tr><th class="invisible"/></tr></table><p class="totop"><a href="#summary">back to summary</a></p>
<h3 id="m7">com.demo.qa.testcases.BHomePageTest#Validate_Page_Title</h3><table class="result"><tr><th class="invisible"/></tr></table><p class="totop"><a href="#summary">back to summary</a></p>
<h3 id="m8">com.demo.qa.testcases.CStudentPageTest#CreateAccount</h3><table class="result"><tr class="param"><th>Parameter #1</th><th>Parameter #2</th><th>Parameter #3</th><th>Parameter #4</th><th>Parameter #5</th><th>Parameter #6</th><th>Parameter #7</th><th>Parameter #8</th></tr><tr class="param stripe"><td>4.29_r1_Anmol_S1</td><td>Test</td><td>User</td><td>Data</td><td>password</td><td>password</td><td>anmolaggarwal@qainfotech.com</td><td>anmolaggarwal@qainfotech.com</td></tr></table><p class="totop"><a href="#summary">back to summary</a></p>
</body>
</html>
